<?xml version="1.0" encoding="UTF-8"?>
<robot generator="Robot 3.1.1 (Python 3.7.3 on win32)" generated="20190509 12:53:54.370" rpa="false">
<suite id="s1" name="Amazon" source="C:\Users\aleksi.peltola\Dev\robot-scripts\amazon\tests\Amazon.robot">
<kw name="Insert testing data" library="Common" type="setup">
<kw name="Log" library="BuiltIn">
<doc>Logs the given message with the given level.</doc>
<arguments>
<arg>testing data being inserted...</arg>
</arguments>
<msg timestamp="20190509 12:53:56.148" level="INFO">testing data being inserted...</msg>
<status status="PASS" starttime="20190509 12:53:56.148" endtime="20190509 12:53:56.148"></status>
</kw>
<status status="PASS" starttime="20190509 12:53:56.148" endtime="20190509 12:53:56.149"></status>
</kw>
<test id="s1-t1" name="User must sign in to check out">
<kw name="Begin web test" library="Common" type="setup">
<kw name="Open Browser" library="SeleniumLibrary">
<doc>Opens a new browser instance to the given ``url``.</doc>
<arguments>
<arg>about:blank</arg>
<arg>chrome</arg>
</arguments>
<msg timestamp="20190509 12:53:56.150" level="INFO">Opening browser 'chrome' to base url 'about:blank'.</msg>
<status status="PASS" starttime="20190509 12:53:56.150" endtime="20190509 12:53:58.936"></status>
</kw>
<status status="PASS" starttime="20190509 12:53:56.150" endtime="20190509 12:53:58.936"></status>
</kw>
<kw name="Search for products" library="Amazon">
<kw name="Load" library="LandingPage">
<kw name="Go To" library="SeleniumLibrary">
<doc>Navigates the active browser instance to the provided ``url``.</doc>
<arguments>
<arg>https://amazon.com</arg>
</arguments>
<msg timestamp="20190509 12:53:58.939" level="INFO">Opening url 'https://amazon.com'</msg>
<status status="PASS" starttime="20190509 12:53:58.938" endtime="20190509 12:54:01.170"></status>
</kw>
<status status="PASS" starttime="20190509 12:53:58.938" endtime="20190509 12:54:01.170"></status>
</kw>
<kw name="Verify page loaded" library="LandingPage">
<kw name="Wait Until Page Contains" library="SeleniumLibrary">
<doc>Waits until ``text`` appears on current page.</doc>
<arguments>
<arg>Your Amazon.com</arg>
</arguments>
<status status="PASS" starttime="20190509 12:54:01.171" endtime="20190509 12:54:01.219"></status>
</kw>
<status status="PASS" starttime="20190509 12:54:01.171" endtime="20190509 12:54:01.219"></status>
</kw>
<kw name="Search for products" library="TopNav">
<kw name="Enter search term" library="TopNav">
<kw name="Input Text" library="SeleniumLibrary">
<doc>Types the given ``text`` into text field identified by ``locator``.</doc>
<arguments>
<arg>id=twotabsearchtextbox</arg>
<arg>Ferrari 458</arg>
</arguments>
<msg timestamp="20190509 12:54:01.221" level="INFO">Typing text 'Ferrari 458' into text field 'id=twotabsearchtextbox'.</msg>
<status status="PASS" starttime="20190509 12:54:01.220" endtime="20190509 12:54:02.497"></status>
</kw>
<status status="PASS" starttime="20190509 12:54:01.220" endtime="20190509 12:54:02.498"></status>
</kw>
<kw name="Submit search" library="TopNav">
<kw name="Click Button" library="SeleniumLibrary">
<doc>Clicks button identified by ``locator``.</doc>
<arguments>
<arg>xpath://div[@class='nav-search-submit nav-sprite']//input[@type='submit']</arg>
</arguments>
<msg timestamp="20190509 12:54:02.499" level="INFO">Clicking button 'xpath://div[@class='nav-search-submit nav-sprite']//input[@type='submit']'.</msg>
<status status="PASS" starttime="20190509 12:54:02.499" endtime="20190509 12:54:04.647"></status>
</kw>
<status status="PASS" starttime="20190509 12:54:02.498" endtime="20190509 12:54:04.647"></status>
</kw>
<status status="PASS" starttime="20190509 12:54:01.220" endtime="20190509 12:54:04.647"></status>
</kw>
<kw name="Sleep" library="BuiltIn">
<doc>Pauses the test executed for the given time.</doc>
<arguments>
<arg>2s</arg>
</arguments>
<msg timestamp="20190509 12:54:06.648" level="INFO">Slept 2 seconds</msg>
<status status="PASS" starttime="20190509 12:54:04.648" endtime="20190509 12:54:06.648"></status>
</kw>
<status status="PASS" starttime="20190509 12:53:58.937" endtime="20190509 12:54:06.648"></status>
</kw>
<kw name="Select product from search results" library="Amazon">
<kw name="Click product link" library="SearchResults">
<kw name="Click Link" library="SeleniumLibrary">
<doc>Clicks a link identified by ``locator``.</doc>
<arguments>
<arg>xpath://div[@data-cel-widget='search_result_0']//span[@class='rush-component']/a</arg>
</arguments>
<msg timestamp="20190509 12:54:06.649" level="INFO">Clicking link 'xpath://div[@data-cel-widget='search_result_0']//span[@class='rush-component']/a'.</msg>
<status status="PASS" starttime="20190509 12:54:06.649" endtime="20190509 12:54:09.370"></status>
</kw>
<status status="PASS" starttime="20190509 12:54:06.649" endtime="20190509 12:54:09.370"></status>
</kw>
<kw name="Verify page loaded" library="Product">
<kw name="Wait Until Page Contains" library="SeleniumLibrary">
<doc>Waits until ``text`` appears on current page.</doc>
<arguments>
<arg>Compare with similar items</arg>
</arguments>
<status status="PASS" starttime="20190509 12:54:09.371" endtime="20190509 12:54:09.412"></status>
</kw>
<status status="PASS" starttime="20190509 12:54:09.371" endtime="20190509 12:54:09.412"></status>
</kw>
<status status="PASS" starttime="20190509 12:54:06.648" endtime="20190509 12:54:09.412"></status>
</kw>
<kw name="Add product to Cart" library="Amazon">
<kw name="Add to cart" library="Product">
<kw name="Click Button" library="SeleniumLibrary">
<doc>Clicks button identified by ``locator``.</doc>
<arguments>
<arg>id=add-to-cart-button</arg>
</arguments>
<msg timestamp="20190509 12:54:09.413" level="INFO">Clicking button 'id=add-to-cart-button'.</msg>
<status status="PASS" starttime="20190509 12:54:09.413" endtime="20190509 12:54:10.564"></status>
</kw>
<status status="PASS" starttime="20190509 12:54:09.413" endtime="20190509 12:54:10.565"></status>
</kw>
<kw name="Verify product added" library="Cartti">
<kw name="Wait Until Page Contains" library="SeleniumLibrary">
<doc>Waits until ``text`` appears on current page.</doc>
<arguments>
<arg>Proceed to checkout (1 item)</arg>
</arguments>
<status status="PASS" starttime="20190509 12:54:10.567" endtime="20190509 12:54:10.597"></status>
</kw>
<status status="PASS" starttime="20190509 12:54:10.566" endtime="20190509 12:54:10.598"></status>
</kw>
<status status="PASS" starttime="20190509 12:54:09.413" endtime="20190509 12:54:10.598"></status>
</kw>
<kw name="Begin checkout" library="Amazon">
<kw name="Proceed to checkout" library="Cartti">
<kw name="Click Link" library="SeleniumLibrary">
<doc>Clicks a link identified by ``locator``.</doc>
<arguments>
<arg>Proceed to checkout (1 item)</arg>
</arguments>
<msg timestamp="20190509 12:54:10.600" level="INFO">Clicking link 'Proceed to checkout (1 item)'.</msg>
<status status="PASS" starttime="20190509 12:54:10.599" endtime="20190509 12:54:11.808"></status>
</kw>
<status status="PASS" starttime="20190509 12:54:10.599" endtime="20190509 12:54:11.808"></status>
</kw>
<kw name="Verify page loaded" library="SignIn">
<kw name="Page Should Contain Button" library="SeleniumLibrary">
<doc>Verifies button ``locator`` is found from current page.</doc>
<arguments>
<arg>id=signInSubmit</arg>
</arguments>
<msg timestamp="20190509 12:54:11.834" level="INFO">Current page contains input 'id=signInSubmit'.</msg>
<status status="PASS" starttime="20190509 12:54:11.808" endtime="20190509 12:54:11.834"></status>
</kw>
<status status="PASS" starttime="20190509 12:54:11.808" endtime="20190509 12:54:11.834"></status>
</kw>
<status status="PASS" starttime="20190509 12:54:10.599" endtime="20190509 12:54:11.834"></status>
</kw>
<kw name="End web test" library="Common" type="teardown">
<kw name="Close Browser" library="SeleniumLibrary">
<doc>Closes the current browser.</doc>
<status status="PASS" starttime="20190509 12:54:11.835" endtime="20190509 12:54:14.470"></status>
</kw>
<status status="PASS" starttime="20190509 12:54:11.835" endtime="20190509 12:54:14.471"></status>
</kw>
<doc>user must sign in to check out</doc>
<tags>
<tag>Smoke</tag>
</tags>
<status status="PASS" starttime="20190509 12:53:56.149" endtime="20190509 12:54:14.471" critical="yes"></status>
</test>
<kw name="Cleanup testing data" library="Common" type="teardown">
<kw name="Log" library="BuiltIn">
<doc>Logs the given message with the given level.</doc>
<arguments>
<arg>testing data being cleaned up...</arg>
</arguments>
<msg timestamp="20190509 12:54:14.473" level="INFO">testing data being cleaned up...</msg>
<status status="PASS" starttime="20190509 12:54:14.473" endtime="20190509 12:54:14.474"></status>
</kw>
<status status="PASS" starttime="20190509 12:54:14.473" endtime="20190509 12:54:14.474"></status>
</kw>
<doc>Some robot testing amazon</doc>
<status status="PASS" starttime="20190509 12:53:54.370" endtime="20190509 12:54:14.474"></status>
</suite>
<statistics>
<total>
<stat pass="1" fail="0">Critical Tests</stat>
<stat pass="1" fail="0">All Tests</stat>
</total>
<tag>
<stat pass="1" fail="0">Smoke</stat>
</tag>
<suite>
<stat pass="1" fail="0" id="s1" name="Amazon">Amazon</stat>
</suite>
</statistics>
<errors>
</errors>
</robot>
